0 verbose cli [
0 verbose cli   '/usr/local/bin/node',
0 verbose cli   '/usr/local/bin/npm',
0 verbose cli   'install',
0 verbose cli   '@hint/configuration-development@latest',
0 verbose cli   'hint@latest',
0 verbose cli   'typescript@latest',
0 verbose cli   '--save-dev',
0 verbose cli   '--verbose'
0 verbose cli ]
1 info using npm@8.5.5
2 info using node@v16.15.0
3 timing npm:load:whichnode Completed in 0ms
4 timing config:load:defaults Completed in 2ms
5 timing config:load:file:/usr/local/lib/node_modules/npm/npmrc Completed in 13ms
6 timing config:load:builtin Completed in 13ms
7 timing config:load:cli Completed in 6ms
8 timing config:load:env Completed in 1ms
9 timing config:load:file:/Users/rijayaturazak/Library/Application Support/Code/User/globalStorage/ms-edgedevtools.vscode-edge-devtools/.npmrc Completed in 1ms
10 timing config:load:project Completed in 9ms
11 timing config:load:file:/Users/rijayaturazak/.npmrc Completed in 3ms
12 timing config:load:user Completed in 3ms
13 timing config:load:file:/usr/local/etc/npmrc Completed in 3ms
14 timing config:load:global Completed in 3ms
15 timing config:load:validate Completed in 0ms
16 timing config:load:credentials Completed in 4ms
17 timing config:load:setEnvs Completed in 1ms
18 timing config:load Completed in 43ms
19 timing npm:load:configload Completed in 44ms
20 timing npm:load:setTitle Completed in 23ms
21 timing config:load:flatten Completed in 3ms
22 timing npm:load:display Completed in 9ms
23 verbose logfile /Users/rijayaturazak/.npm/_logs/2022-05-24T16_31_33_032Z-debug-0.log
24 timing npm:load:logFile Completed in 7ms
25 timing npm:load:timers Completed in 0ms
26 timing npm:load:configScope Completed in 0ms
27 timing npm:load Completed in 85ms
28 timing arborist:ctor Completed in 1ms
29 timing idealTree:init Completed in 492ms
30 timing arborist:ctor Completed in 0ms
31 http fetch GET 200 https://registry.npmjs.org/hint 1223ms (cache revalidated)
32 http fetch GET 200 https://registry.npmjs.org/@hint%2fconfiguration-development 1931ms (cache revalidated)
33 http fetch GET 200 https://registry.npmjs.org/typescript 3938ms (cache updated)
34 timing idealTree:userRequests Completed in 3990ms
35 silly idealTree buildDeps
36 silly fetch manifest @hint/configuration-development@8.3.5
37 silly fetch manifest hint@6.2.0
38 silly fetch manifest typescript@4.6.4
39 silly placeDep ROOT @hint/configuration-development@8.3.5 REPLACE for: ms-edgedevtools.vscode-edge-devtools@1.0.0 want: 8.3.5
40 silly placeDep ROOT hint@6.2.0 REPLACE for: ms-edgedevtools.vscode-edge-devtools@1.0.0 want: 6.2.0
41 silly placeDep ROOT typescript@4.6.4 REPLACE for: ms-edgedevtools.vscode-edge-devtools@1.0.0 want: 4.6.4
42 timing idealTree:#root Completed in 32ms
43 timing idealTree:node_modules/@hint/configuration-development Completed in 0ms
44 timing idealTree:node_modules/hint Completed in 0ms
45 timing idealTree:node_modules/typescript Completed in 0ms
46 timing idealTree:buildDeps Completed in 35ms
47 timing idealTree:fixDepFlags Completed in 8ms
48 timing idealTree Completed in 4535ms
49 timing reify:loadTrees Completed in 4535ms
50 timing reify:diffTrees Completed in 115ms
51 silly reify moves {}
52 timing reify:retireShallow Completed in 1ms
53 timing reify:createSparse Completed in 0ms
54 timing reify:loadBundles Completed in 0ms
55 silly audit bulk request {
55 silly audit   '@gar/promisify': [ '1.1.3' ],
55 silly audit   '@hint/configuration-accessibility': [ '2.0.18' ],
55 silly audit   '@hint/configuration-progressive-web-apps': [ '7.0.19' ],
55 silly audit   '@hint/configuration-web-recommended': [ '8.2.10' ],
55 silly audit   '@hint/connector-jsdom': [ '4.1.18' ],
55 silly audit   '@hint/connector-local': [ '3.2.18' ],
55 silly audit   '@hint/connector-puppeteer': [ '2.5.15' ],
55 silly audit   '@hint/formatter-html': [ '4.3.9' ],
55 silly audit   '@hint/formatter-json': [ '3.1.28' ],
55 silly audit   '@hint/formatter-stylish': [ '3.1.28' ],
55 silly audit   '@hint/formatter-summary': [ '3.0.31' ],
55 silly audit   '@hint/hint-apple-touch-icons': [ '4.0.13' ],
55 silly audit   '@hint/hint-axe': [ '4.4.11' ],
55 silly audit   '@hint/hint-babel-config': [ '2.4.18' ],
55 silly audit   '@hint/hint-button-type': [ '3.0.13' ],
55 silly audit   '@hint/hint-compat-api': [ '4.4.10' ],
55 silly audit   '@hint/hint-content-type': [ '4.2.17' ],
55 silly audit   '@hint/hint-create-element-svg': [ '1.3.17' ],
55 silly audit   '@hint/hint-css-prefix-order': [ '1.4.17' ],
55 silly audit   '@hint/hint-disown-opener': [ '4.0.13' ],
55 silly audit   '@hint/hint-highest-available-document-mode': [ '5.0.13' ],
55 silly audit   '@hint/hint-html-checker': [ '3.3.17' ],
55 silly audit   '@hint/hint-http-cache': [ '4.0.13' ],
55 silly audit   '@hint/hint-http-compression': [ '5.2.17' ],
55 silly audit   '@hint/hint-image-optimization-cloudinary': [ '3.2.17' ],
55 silly audit   '@hint/hint-leading-dot-classlist': [ '1.0.10' ],
55 silly audit   '@hint/hint-manifest-app-name': [ '2.4.19' ],
55 silly audit   '@hint/hint-manifest-exists': [ '2.4.19' ],
55 silly audit   '@hint/hint-manifest-file-extension': [ '3.0.14' ],
55 silly audit   '@hint/hint-manifest-is-valid': [ '3.4.10' ],
55 silly audit   '@hint/hint-meta-charset-utf-8': [ '4.0.13' ],
55 silly audit   '@hint/hint-meta-viewport': [ '5.0.13' ],
55 silly audit   '@hint/hint-no-bom': [ '4.2.17' ],
55 silly audit   '@hint/hint-no-disallowed-headers': [ '3.1.12' ],
55 silly audit   '@hint/hint-no-friendly-error-pages': [ '3.3.17' ],
55 silly audit   '@hint/hint-no-html-only-headers': [ '3.0.13' ],
55 silly audit   '@hint/hint-no-http-redirects': [ '3.0.13' ],
55 silly audit   '@hint/hint-no-inline-styles': [ '1.0.9' ],
55 silly audit   '@hint/hint-no-protocol-relative-urls': [ '3.0.13' ],
55 silly audit   '@hint/hint-no-vulnerable-javascript-libraries': [ '2.12.12' ],
55 silly audit   '@hint/hint-scoped-svg-styles': [ '1.3.17' ],
55 silly audit   '@hint/hint-sri': [ '4.0.13' ],
55 silly audit   '@hint/hint-ssllabs': [ '2.4.17' ],
55 silly audit   '@hint/hint-strict-transport-security': [ '3.0.13' ],
55 silly audit   '@hint/hint-stylesheet-limits': [ '3.3.17' ],
55 silly audit   '@hint/hint-typescript-config': [ '2.5.5' ],
55 silly audit   '@hint/hint-validate-set-cookie-header': [ '3.0.13' ],
55 silly audit   '@hint/hint-webpack-config': [ '2.4.19' ],
55 silly audit   '@hint/hint-x-content-type-options': [ '4.0.13' ],
55 silly audit   '@hint/parser-babel-config': [ '2.1.33' ],
55 silly audit   '@hint/parser-css': [ '3.0.31' ],
55 silly audit   '@hint/parser-html': [ '3.0.26' ],
55 silly audit   '@hint/parser-javascript': [ '3.1.17' ],
55 silly audit   '@hint/parser-jsx': [ '1.0.18' ],
55 silly audit   '@hint/parser-less': [ '1.0.23' ],
55 silly audit   '@hint/parser-manifest': [ '2.3.10' ],
55 silly audit   '@hint/parser-sass': [ '1.0.23' ],
55 silly audit   '@hint/parser-typescript': [ '1.0.18' ],
55 silly audit   '@hint/parser-typescript-config': [ '2.4.20' ],
55 silly audit   '@hint/parser-webpack-config': [ '2.1.32' ],
55 silly audit   '@hint/utils': [ '7.0.16' ],
55 silly audit   '@hint/utils-compat-data': [ '1.1.8' ],
55 silly audit   '@hint/utils-connector-tools': [ '4.0.32' ],
55 silly audit   '@hint/utils-css': [ '1.0.12' ],
55 silly audit   '@hint/utils-debug': [ '1.0.10' ],
55 silly audit   '@hint/utils-dom': [ '2.1.12' ],
55 silly audit   '@hint/utils-fs': [ '1.0.13' ],
55 silly audit   '@hint/utils-i18n': [ '1.0.12' ],
55 silly audit   '@hint/utils-json': [ '1.0.18' ],
55 silly audit   '@hint/utils-network': [ '1.0.17' ],
55 silly audit   '@hint/utils-string': [ '1.0.12' ],
55 silly audit   '@hint/utils-types': [ '1.1.7' ],
55 silly audit   '@mapbox/node-pre-gyp': [ '1.0.9' ],
55 silly audit   '@mdn/browser-compat-data': [ '4.2.1' ],
55 silly audit   '@nodelib/fs.scandir': [ '2.1.5' ],
55 silly audit   '@nodelib/fs.stat': [ '2.0.5' ],
55 silly audit   '@nodelib/fs.walk': [ '1.2.8' ],
55 silly audit   '@npmcli/fs': [ '2.1.0' ],
55 silly audit   '@npmcli/move-file': [ '2.0.0' ],
55 silly audit   '@sindresorhus/is': [ '4.6.0', '0.14.0' ],
55 silly audit   '@szmarczak/http-timer': [ '4.0.6', '1.1.2' ],
55 silly audit   '@tokenizer/token': [ '0.3.0' ],
55 silly audit   '@tootallnate/once': [ '2.0.0', '1.1.2' ],
55 silly audit   '@types/cacheable-request': [ '6.0.2' ],
55 silly audit   '@types/estree': [ '0.0.51' ],
55 silly audit   '@types/estree-jsx': [ '0.0.1' ],
55 silly audit   '@types/http-cache-semantics': [ '4.0.1' ],
55 silly audit   '@types/json-buffer': [ '3.0.0' ],
55 silly audit   '@types/keyv': [ '3.1.4' ],
55 silly audit   '@types/node': [ '17.0.35' ],
55 silly audit   '@types/parse5': [ '6.0.3' ],
55 silly audit   '@types/responselike': [ '1.0.0' ],
55 silly audit   '@types/yauzl': [ '2.10.0' ],
55 silly audit   '@typescript-eslint/types': [ '5.25.0' ],
55 silly audit   '@typescript-eslint/typescript-estree': [ '5.25.0' ],
55 silly audit   '@typescript-eslint/visitor-keys': [ '5.25.0' ],
55 silly audit   abab: [ '2.0.6' ],
55 silly audit   abbrev: [ '1.1.1' ],
55 silly audit   acorn: [ '8.7.1', '7.4.1' ],
55 silly audit   'acorn-globals': [ '6.0.0' ],
55 silly audit   'acorn-walk': [ '7.2.0', '8.2.0' ],
55 silly audit   'acorn-jsx': [ '5.3.2' ],
55 silly audit   'acorn-jsx-walk': [ '2.0.0' ],
55 silly audit   'agent-base': [ '6.0.2' ],
55 silly audit   agentkeepalive: [ '4.2.1' ],
55 silly audit   'aggregate-error': [ '3.1.0' ],
55 silly audit   ajv: [ '8.11.0', '6.12.6' ],
55 silly audit   'ajv-formats': [ '2.1.1' ],
55 silly audit   'ansi-align': [ '3.0.1' ],
55 silly audit   'ansi-regex': [ '5.0.1' ],
55 silly audit   'ansi-styles': [ '4.3.0' ],
55 silly audit   anymatch: [ '3.1.2' ],
55 silly audit   aproba: [ '2.0.0' ],
55 silly audit   'are-we-there-yet': [ '2.0.0' ],
55 silly audit   'array-union': [ '2.1.0' ],
55 silly audit   asn1: [ '0.2.6' ],
55 silly audit   'assert-plus': [ '1.0.0' ],
55 silly audit   'ast-types': [ '0.13.4' ],
55 silly audit   async: [ '3.2.3' ],
55 silly audit   asynckit: [ '0.4.0' ],
55 silly audit   'aws-sign2': [ '0.7.0' ],
55 silly audit   aws4: [ '1.11.0' ],
55 silly audit   'axe-core': [ '4.4.2' ],
55 silly audit   'balanced-match': [ '1.0.2' ],
55 silly audit   'base64-js': [ '1.5.1' ],
55 silly audit   bcp47: [ '1.1.2' ],
55 silly audit   'bcrypt-pbkdf': [ '1.0.2' ],
55 silly audit   'binary-extensions': [ '2.2.0' ],
55 silly audit   bl: [ '4.1.0' ],
55 silly audit   boolbase: [ '1.0.0' ],
55 silly audit   boxen: [ '5.1.2' ],
55 silly audit   'brace-expansion': [ '1.1.11', '2.0.1' ],
55 silly audit   braces: [ '3.0.2' ],
55 silly audit   'browser-process-hrtime': [ '1.0.0' ],
55 silly audit   browserslist: [ '4.20.3' ],
55 silly audit   buffer: [ '5.7.1' ],
55 silly audit   'buffer-crc32': [ '0.2.13' ],
55 silly audit   builtins: [ '5.0.1' ],
55 silly audit   bytes: [ '3.1.2' ],
55 silly audit   cacache: [ '16.1.0' ],
55 silly audit   'cacheable-lookup': [ '5.0.4' ],
55 silly audit   'cacheable-request': [ '7.0.2', '6.1.0' ],
55 silly audit   camelcase: [ '6.3.0' ],
55 silly audit   'caniuse-lite': [ '1.0.30001341' ],
55 silly audit   canvas: [ '2.9.1' ],
55 silly audit   caseless: [ '0.12.0' ],
55 silly audit   chalk: [ '4.1.2' ],
55 silly audit   chokidar: [ '3.5.3' ],
55 silly audit   chownr: [ '2.0.0', '1.1.4' ],
55 silly audit   'ci-info': [ '3.3.1', '2.0.0' ],
55 silly audit   'clean-stack': [ '2.2.0' ],
55 silly audit   'cli-boxes': [ '2.2.1' ],
55 silly audit   'cli-cursor': [ '3.1.0' ],
55 silly audit   'cli-spinners': [ '2.6.1' ],
55 silly audit   clone: [ '1.0.4' ],
55 silly audit   'clone-response': [ '1.0.2' ],
55 silly audit   cloudinary: [ '1.30.0' ],
55 silly audit   'cloudinary-core': [ '2.12.3' ],
55 silly audit   'color-convert': [ '2.0.1' ],
55 silly audit   'color-name': [ '1.1.4' ],
55 silly audit   'color-string': [ '1.9.1' ],
55 silly audit   'color-support': [ '1.1.3' ],
55 silly audit   'combined-stream': [ '1.0.8' ],
55 silly audit   'compress-brotli': [ '1.3.8' ],
55 silly audit   'concat-map': [ '0.0.1' ],
55 silly audit   configstore: [ '5.0.1' ],
55 silly audit   'console-control-strings': [ '1.1.0' ],
55 silly audit   'content-type': [ '1.0.4' ],
55 silly audit   'core-js': [ '3.6.5' ],
55 silly audit   'core-util-is': [ '1.0.2' ],
55 silly audit   'cross-fetch': [ '3.1.5' ],
55 silly audit   'cross-spawn': [ '7.0.3' ],
55 silly audit   'crypto-random-string': [ '2.0.0' ],
55 silly audit   'css-select': [ '4.3.0' ],
55 silly audit   'css-what': [ '6.1.0' ],
55 silly audit   cssesc: [ '3.0.0' ],
55 silly audit   cssom: [ '0.5.0', '0.3.8' ],
55 silly audit   cssstyle: [ '2.3.0' ],
55 silly audit   dashdash: [ '1.14.1' ],
55 silly audit   'data-uri-to-buffer': [ '3.0.1' ],
55 silly audit   'data-urls': [ '3.0.2' ],
55 silly audit   debug: [ '4.3.4' ],
55 silly audit   'decimal.js': [ '10.3.1' ],
55 silly audit   'decompress-response': [ '6.0.0', '3.3.0', '4.2.1' ],
55 silly audit   'mimic-response': [ '3.1.0', '1.0.1', '2.1.0' ],
55 silly audit   'deep-extend': [ '0.6.0' ],
55 silly audit   'deep-is': [ '0.1.4' ],
55 silly audit   defaults: [ '1.0.3' ],
55 silly audit   'defer-to-connect': [ '2.0.1', '1.1.3' ],
55 silly audit   degenerator: [ '3.0.2' ],
55 silly audit   escodegen: [ '1.14.3', '2.0.0' ],
55 silly audit   estraverse: [ '4.3.0', '5.3.0' ],
55 silly audit   levn: [ '0.3.0', '0.4.1' ],
55 silly audit   optionator: [ '0.8.3', '0.9.1' ],
55 silly audit   'prelude-ls': [ '1.1.2', '1.2.1' ],
55 silly audit   'type-check': [ '0.3.2', '0.4.0' ],
55 silly audit   'delayed-stream': [ '1.0.0' ],
55 silly audit   delegates: [ '1.0.0' ],
55 silly audit   depd: [ '1.1.2', '2.0.0' ],
55 silly audit   'detect-libc': [ '2.0.1' ],
55 silly audit   'devtools-protocol': [ '0.0.981744' ],
55 silly audit   'dir-glob': [ '3.0.1' ],
55 silly audit   'dom-serializer': [ '1.4.1' ],
55 silly audit   domelementtype: [ '2.3.0' ],
55 silly audit   domexception: [ '4.0.0' ],
55 silly audit   domhandler: [ '4.3.1' ],
55 silly audit   domutils: [ '2.8.0' ],
55 silly audit   'dot-prop': [ '5.3.0' ],
55 silly audit   duplexer3: [ '0.1.4' ],
55 silly audit   'ecc-jsbn': [ '0.1.2' ],
55 silly audit   ejs: [ '3.1.8' ],
55 silly audit   'electron-to-chromium': [ '1.4.137' ],
55 silly audit   'emoji-regex': [ '8.0.0' ],
55 silly audit   encoding: [ '0.1.13' ],
55 silly audit   'end-of-stream': [ '1.4.4' ],
55 silly audit   entities: [ '2.2.0' ],
55 silly audit   'err-code': [ '2.0.3' ],
55 silly audit   escalade: [ '3.1.1' ],
55 silly audit   'escape-goat': [ '2.1.1' ],
55 silly audit   'eslint-visitor-keys': [ '3.3.0' ],
55 silly audit   esprima: [ '4.0.1' ],
55 silly audit   esutils: [ '2.0.3' ],
55 silly audit   eventemitter2: [ '6.4.5' ],
55 silly audit   execa: [ '4.1.0' ],
55 silly audit   extend: [ '3.0.2' ],
55 silly audit   'extract-zip': [ '2.0.1' ],
55 silly audit   extsprintf: [ '1.3.0' ],
55 silly audit   'fast-deep-equal': [ '3.1.3' ],
55 silly audit   'fast-glob': [ '3.2.11' ],
55 silly audit   'fast-json-stable-stringify': [ '2.1.0' ],
55 silly audit   'fast-levenshtein': [ '2.0.6' ],
55 silly audit   'fast-xml-parser': [ '3.21.1' ],
55 silly audit   fastq: [ '1.13.0' ],
55 silly audit   'fd-slicer': [ '1.1.0' ],
55 silly audit   'file-type': [ '16.5.3' ],
55 silly audit   'file-uri-to-path': [ '2.0.0' ],
55 silly audit   filelist: [ '1.0.4' ],
55 silly audit   minimatch: [ '5.1.0', '3.1.2' ],
55 silly audit   'fill-range': [ '7.0.1' ],
55 silly audit   'find-up': [ '4.1.0' ],
55 silly audit   'forever-agent': [ '0.6.1' ],
55 silly audit   'form-data': [ '4.0.0', '2.3.3' ],
55 silly audit   'fs-constants': [ '1.0.0' ],
55 silly audit   'fs-extra': [ '10.1.0', '8.1.0' ],
55 silly audit   'fs-minipass': [ '2.1.0' ],
55 silly audit   'fs.realpath': [ '1.0.0' ],
55 silly audit   fsevents: [ '2.3.2' ],
55 silly audit   ftp: [ '0.3.10' ],
55 silly audit   'readable-stream': [ '1.1.14', '3.6.0' ],
55 silly audit   string_decoder: [ '0.10.31', '1.3.0' ],
55 silly audit   gauge: [ '3.0.2' ],
55 silly audit   'get-stream': [ '5.2.0', '4.1.0' ],
55 silly audit   'get-uri': [ '3.0.2' ],
55 silly audit   jsonfile: [ '4.0.0', '6.1.0' ],
55 silly audit   universalify: [ '0.1.2', '2.0.0' ],
55 silly audit   getpass: [ '0.1.7' ],
55 silly audit   glob: [ '8.0.3', '7.2.3' ],
55 silly audit   'glob-parent': [ '5.1.2' ],
55 silly audit   'global-dirs': [ '3.0.0' ],
55 silly audit   globby: [ '11.1.0' ],
55 silly audit   'gonzales-pe': [ '4.3.0' ],
55 silly audit   got: [ '11.8.3', '9.6.0' ],
55 silly audit   'graceful-fs': [ '4.2.10' ],
55 silly audit   'har-schema': [ '2.0.0' ],
55 silly audit   'har-validator': [ '5.1.5' ],
55 silly audit   'json-schema-traverse': [ '0.4.1', '1.0.0' ],
55 silly audit   'has-flag': [ '4.0.0' ],
55 silly audit   'has-unicode': [ '2.0.1' ],
55 silly audit   'has-yarn': [ '2.1.0' ],
55 silly audit   'hosted-git-info': [ '5.0.0' ],
55 silly audit   'html-encoding-sniffer': [ '3.0.0' ],
55 silly audit   'http-cache-semantics': [ '4.1.0' ],
55 silly audit   'http-errors': [ '2.0.0' ],
55 silly audit   'http-proxy-agent': [ '5.0.0', '4.0.1' ],
55 silly audit   'http-signature': [ '1.2.0' ],
55 silly audit   'http2-wrapper': [ '1.0.3' ],
55 silly audit   'https-proxy-agent': [ '5.0.1' ],
55 silly audit   'human-signals': [ '1.1.1' ],
55 silly audit   'humanize-ms': [ '1.2.1' ],
55 silly audit   'iconv-lite': [ '0.6.3', '0.4.24' ],
55 silly audit   ieee754: [ '1.2.1' ],
55 silly audit   ignore: [ '5.2.0' ],
55 silly audit   'image-size': [ '1.0.1' ],
55 silly audit   'import-lazy': [ '2.1.0' ],
55 silly audit   imurmurhash: [ '0.1.4' ],
55 silly audit   'indent-string': [ '4.0.0' ],
55 silly audit   'infer-owner': [ '1.0.4' ],
55 silly audit   inflight: [ '1.0.6' ],
55 silly audit   inherits: [ '2.0.4' ],
55 silly audit   ini: [ '2.0.0', '1.3.8' ],
55 silly audit   'invert-kv': [ '3.0.1' ],
55 silly audit   ip: [ '1.1.8' ],
55 silly audit   'is-arrayish': [ '0.3.2' ],
55 silly audit   'is-binary-path': [ '2.1.0' ],
55 silly audit   'is-ci': [ '3.0.1', '2.0.0' ],
55 silly audit   'is-docker': [ '2.2.1' ],
55 silly audit   'is-extglob': [ '2.1.1' ],
55 silly audit   'is-fullwidth-code-point': [ '3.0.0' ],
55 silly audit   'is-glob': [ '4.0.3' ],
55 silly audit   'is-installed-globally': [ '0.4.0' ],
55 silly audit   'is-interactive': [ '1.0.0' ],
55 silly audit   'is-lambda': [ '1.0.1' ],
55 silly audit   'is-npm': [ '5.0.0' ],
55 silly audit   'is-number': [ '7.0.0' ],
55 silly audit   'is-obj': [ '2.0.0' ],
55 silly audit   'is-path-inside': [ '3.0.3' ],
55 silly audit   'is-potential-custom-element-name': [ '1.0.1' ],
55 silly audit   'is-stream': [ '2.0.1' ],
55 silly audit   'is-svg': [ '4.3.2' ],
55 silly audit   'is-typedarray': [ '1.0.0' ],
55 silly audit   'is-unicode-supported': [ '0.1.0' ],
55 silly audit   'is-wsl': [ '2.2.0' ],
55 silly audit   'is-yarn-global': [ '0.3.0' ],
55 silly audit   isarray: [ '0.0.1' ],
55 silly audit   isexe: [ '2.0.0' ],
55 silly audit   isstream: [ '0.1.2' ],
55 silly audit   jake: [ '10.8.5' ],
55 silly audit   'js-library-detector': [ '6.5.0' ],
55 silly audit   jsbn: [ '0.1.1' ],
55 silly audit   jsdom: [ '19.0.0' ],
55 silly audit   'whatwg-url': [ '10.0.0', '5.0.0', '11.0.0' ],
55 silly audit   'json-buffer': [ '3.0.1', '3.0.0' ],
55 silly audit   'json-schema': [ '0.4.0' ],
55 silly audit   'json-stringify-safe': [ '5.0.1' ],
55 silly audit   'jsonc-parser': [ '3.0.0' ],
55 silly audit   jsonparse: [ '1.3.1' ],
55 silly audit   jsprim: [ '1.4.2' ],
55 silly audit   keyv: [ '4.2.9', '3.1.0' ],
55 silly audit   'latest-version': [ '5.1.0' ],
55 silly audit   lcid: [ '3.1.1' ],
55 silly audit   'locate-path': [ '5.0.0' ],
55 silly audit   lockfile: [ '1.0.4' ],
55 silly audit   lodash: [ '4.17.21' ],
55 silly audit   'log-symbols': [ '4.1.0' ],
55 silly audit   'lowercase-keys': [ '2.0.0', '1.0.1' ],
55 silly audit   'lru-cache': [ '7.10.1', '5.1.1', '6.0.0' ],
55 silly audit   'make-dir': [ '3.1.0' ],
55 silly audit   semver: [ '6.3.0', '7.3.7' ],
55 silly audit   'make-fetch-happen': [ '10.1.5' ],
55 silly audit   'map-age-cleaner': [ '0.1.3' ],
55 silly audit   'mdn-data': [ '2.0.27' ],
55 silly audit   mem: [ '5.1.1' ],
55 silly audit   'merge-stream': [ '2.0.0' ],
55 silly audit   merge2: [ '1.4.1' ],
55 silly audit   'metaviewport-parser': [ '0.2.0' ],
55 silly audit   micromatch: [ '4.0.5' ],
55 silly audit   'mime-db': [ '1.52.0' ],
55 silly audit   'mime-types': [ '2.1.35' ],
55 silly audit   'mimic-fn': [ '2.1.0' ],
55 silly audit   minimist: [ '1.2.6' ],
55 silly audit   minipass: [ '3.1.6' ],
55 silly audit   'minipass-collect': [ '1.0.2' ],
55 silly audit   'minipass-fetch': [ '2.1.0' ],
55 silly audit   'minipass-flush': [ '1.0.5' ],
55 silly audit   'minipass-json-stream': [ '1.0.1' ],
55 silly audit   'minipass-pipeline': [ '1.2.4' ],
55 silly audit   'minipass-sized': [ '1.0.3' ],
55 silly audit   minizlib: [ '2.1.2' ],
55 silly audit   mkdirp: [ '1.0.4' ],
55 silly audit   'mkdirp-classic': [ '0.5.3' ],
55 silly audit   ms: [ '2.1.2' ],
55 silly audit   'mutationobserver-shim': [ '0.3.7' ],
55 silly audit   nan: [ '2.15.0' ],
55 silly audit   nanoid: [ '3.3.4' ],
55 silly audit   negotiator: [ '0.6.3' ],
55 silly audit   netmask: [ '2.0.2' ],
55 silly audit   'node-fetch': [ '2.6.7' ],
55 silly audit   tr46: [ '0.0.3', '3.0.0' ],
55 silly audit   'webidl-conversions': [ '3.0.1', '7.0.0' ],
55 silly audit   'node-releases': [ '2.0.4' ],
55 silly audit   nopt: [ '5.0.0' ],
55 silly audit   'normalize-path': [ '3.0.0' ],
55 silly audit   'normalize-url': [ '6.1.0', '4.5.1' ],
55 silly audit   'npm-package-arg': [ '9.0.2' ],
55 silly audit   'npm-registry-fetch': [ '13.1.1' ],
55 silly audit   'npm-run-path': [ '4.0.1' ],
55 silly audit   npmlog: [ '5.0.1' ],
55 silly audit   'nth-check': [ '2.0.1' ],
55 silly audit   nwsapi: [ '2.2.0' ],
55 silly audit   'oauth-sign': [ '0.9.0' ],
55 silly audit   'object-assign': [ '4.1.1' ],
55 silly audit   once: [ '1.4.0' ],
55 silly audit   onetime: [ '5.1.2' ],
55 silly audit   ora: [ '5.4.1' ],
55 silly audit   'os-locale': [ '5.0.0' ],
55 silly audit   'p-cancelable': [ '2.1.1', '1.1.0' ],
55 silly audit   'p-defer': [ '1.0.0' ],
55 silly audit   'p-is-promise': [ '2.1.0' ],
55 silly audit   'p-limit': [ '2.3.0' ],
55 silly audit   'p-locate': [ '4.1.0' ],
55 silly audit   'p-map': [ '4.0.0' ],
55 silly audit   'p-try': [ '2.2.0' ],
55 silly audit   'pac-proxy-agent': [ '5.0.0' ],
55 silly audit   'socks-proxy-agent': [ '5.0.1', '6.2.0' ],
55 silly audit   'pac-resolver': [ '5.0.0' ],
55 silly audit   'package-json': [ '6.5.0' ],
55 silly audit   responselike: [ '1.0.2', '2.0.0' ],
55 silly audit   parse5: [ '6.0.1' ],
55 silly audit   'parse5-htmlparser2-tree-adapter': [ '6.0.1' ],
55 silly audit   'path-exists': [ '4.0.0' ],
55 silly audit   'path-is-absolute': [ '1.0.1' ],
55 silly audit   'path-key': [ '3.1.1' ],
55 silly audit   'path-type': [ '4.0.0' ],
55 silly audit   'peek-readable': [ '4.1.0' ],
55 silly audit   pend: [ '1.2.0' ],
55 silly audit   'performance-now': [ '2.1.0' ],
55 silly audit   picocolors: [ '1.0.0' ],
55 silly audit   picomatch: [ '2.3.1' ],
55 silly audit   'pkg-dir': [ '4.2.0' ],
55 silly audit   postcss: [ '8.4.14' ],
55 silly audit   'postcss-less': [ '5.0.0' ],
55 silly audit   'postcss-safe-parser': [ '6.0.0' ],
55 silly audit   'postcss-sass': [ '0.5.0' ],
55 silly audit   'postcss-scss': [ '4.0.4' ],
55 silly audit   'postcss-selector-parser': [ '6.0.10' ],
55 silly audit   'postcss-value-parser': [ '4.2.0' ],
55 silly audit   'prepend-http': [ '2.0.0' ],
55 silly audit   'proc-log': [ '2.0.1' ],
55 silly audit   progress: [ '2.0.3' ],
55 silly audit   'promise-inflight': [ '1.0.1' ],
55 silly audit   'promise-retry': [ '2.0.1' ],
55 silly audit   'proxy-agent': [ '5.0.0' ],
55 silly audit   yallist: [ '3.1.1', '4.0.0' ],
55 silly audit   'proxy-from-env': [ '1.1.0' ],
55 silly audit   psl: [ '1.8.0' ],
55 silly audit   pump: [ '3.0.0' ],
55 silly audit   punycode: [ '2.1.1' ],
55 silly audit   pupa: [ '2.1.1' ],
55 silly audit   'puppeteer-core': [ '13.7.0' ],
55 silly audit   ws: [ '8.5.0', '8.6.0' ],
55 silly audit   q: [ '1.5.1' ],
55 silly audit   qs: [ '6.5.3' ],
55 silly audit   queue: [ '6.0.2' ],
55 silly audit   'queue-microtask': [ '1.2.3' ],
55 silly audit   'quick-lru': [ '5.1.1' ],
55 silly audit   'raw-body': [ '2.5.1' ],
55 silly audit   rc: [ '1.2.8' ],
55 silly audit   'readable-web-to-node-stream': [ '3.0.2' ],
55 silly audit   readdirp: [ '3.6.0' ],
55 silly audit   'registry-auth-token': [ '4.2.1' ],
55 silly audit   'registry-url': [ '5.1.0' ],
55 silly audit   request: [ '2.88.2' ],
55 silly audit   'tough-cookie': [ '2.5.0', '4.0.0' ],
55 silly audit   'require-from-string': [ '2.0.2' ],
55 silly audit   'resolve-alpn': [ '1.2.1' ],
55 silly audit   'restore-cursor': [ '3.1.0' ],
55 silly audit   retry: [ '0.12.0' ],
55 silly audit   reusify: [ '1.0.4' ],
55 silly audit   rimraf: [ '3.0.2' ],
55 silly audit   'run-parallel': [ '1.2.0' ],
55 silly audit   'safe-buffer': [ '5.2.1' ],
55 silly audit   'safer-buffer': [ '2.1.2' ],
55 silly audit   saxes: [ '5.0.1' ],
55 silly audit   'semver-diff': [ '3.1.1' ],
55 silly audit   'set-blocking': [ '2.0.0' ],
55 silly audit   setimmediate: [ '1.0.5' ],
55 silly audit   setprototypeof: [ '1.2.0' ],
55 silly audit   'shebang-command': [ '2.0.0' ],
55 silly audit   'shebang-regex': [ '3.0.0' ],
55 silly audit   'signal-exit': [ '3.0.7' ],
55 silly audit   'simple-concat': [ '1.0.1' ],
55 silly audit   'simple-get': [ '3.1.1' ],
55 silly audit   'simple-swizzle': [ '0.2.2' ],
55 silly audit   slash: [ '3.0.0' ],
55 silly audit   'smart-buffer': [ '4.2.0' ],
55 silly audit   socks: [ '2.6.2' ],
55 silly audit   'source-map': [ '0.6.1' ],
55 silly audit   'source-map-js': [ '1.0.2' ],
55 silly audit   sshpk: [ '1.17.0' ],
55 silly audit   ssri: [ '9.0.1' ],
55 silly audit   statuses: [ '2.0.1' ],
55 silly audit   'string-width': [ '4.2.3' ],
55 silly audit   'strip-ansi': [ '6.0.1' ],
55 silly audit   'strip-final-newline': [ '2.0.0' ],
55 silly audit   'strip-json-comments': [ '2.0.1' ],
55 silly audit   strnum: [ '1.0.5' ],
55 silly audit   strtok3: [ '6.3.0' ],
55 silly audit   'supports-color': [ '7.2.0' ],
55 silly audit   'symbol-tree': [ '3.2.4' ],
55 silly audit   tar: [ '6.1.11' ],
55 silly audit   'tar-fs': [ '2.1.1' ],
55 silly audit   'tar-stream': [ '2.2.0' ],
55 silly audit   'text-table': [ '0.2.0' ],
55 silly audit   through: [ '2.3.8' ],
55 silly audit   'to-readable-stream': [ '1.0.0' ],
55 silly audit   'to-regex-range': [ '5.0.1' ],
55 silly audit   toidentifier: [ '1.0.1' ],
55 silly audit   'token-types': [ '4.2.0' ],
55 silly audit   tslib: [ '2.4.0', '1.14.1' ],
55 silly audit   tsutils: [ '3.21.0' ],
55 silly audit   'tunnel-agent': [ '0.6.0' ],
55 silly audit   tweetnacl: [ '0.14.5' ],
55 silly audit   'type-fest': [ '0.20.2' ],
55 silly audit   'typedarray-to-buffer': [ '3.1.5' ],
55 silly audit   'unbzip2-stream': [ '1.4.3' ],
55 silly audit   'unique-filename': [ '1.1.1' ],
55 silly audit   'unique-slug': [ '2.0.2' ],
55 silly audit   'unique-string': [ '2.0.0' ],
55 silly audit   unpipe: [ '1.0.0' ],
55 silly audit   'update-notifier': [ '5.1.0' ],
55 silly audit   'uri-js': [ '4.4.1' ],
55 silly audit   'url-parse-lax': [ '3.0.0' ],
55 silly audit   'util-deprecate': [ '1.0.2' ],
55 silly audit   uuid: [ '3.4.0' ],
55 silly audit   'validate-npm-package-name': [ '4.0.0' ],
55 silly audit   verror: [ '1.10.0' ],
55 silly audit   vm2: [ '3.9.9' ],
55 silly audit   'w3c-hr-time': [ '1.0.2' ],
55 silly audit   'w3c-xmlserializer': [ '3.0.0' ],
55 silly audit   wcwidth: [ '1.0.1' ],
55 silly audit   'whatwg-encoding': [ '2.0.0' ],
55 silly audit   'whatwg-mimetype': [ '3.0.0' ],
55 silly audit   which: [ '2.0.2' ],
55 silly audit   'wide-align': [ '1.1.5' ],
55 silly audit   'widest-line': [ '3.1.0' ],
55 silly audit   'word-wrap': [ '1.2.3' ],
55 silly audit   'wrap-ansi': [ '7.0.0' ],
55 silly audit   wrappy: [ '1.0.2' ],
55 silly audit   'write-file-atomic': [ '3.0.3' ],
55 silly audit   'xdg-basedir': [ '4.0.0' ],
55 silly audit   'xml-name-validator': [ '4.0.0' ],
55 silly audit   xmlchars: [ '2.2.0' ],
55 silly audit   xregexp: [ '2.0.0' ],
55 silly audit   yauzl: [ '2.10.0' ],
55 silly audit   '@hint/configuration-development': [ '8.3.5' ],
55 silly audit   hint: [ '6.2.0' ],
55 silly audit   typescript: [ '4.6.4' ]
55 silly audit }
56 timing reify:unpack Completed in 0ms
57 timing reify:unretire Completed in 0ms
58 timing build:queue Completed in 0ms
59 timing build:deps Completed in 0ms
60 timing build Completed in 1ms
61 timing reify:build Completed in 2ms
62 timing reify:trash Completed in 0ms
63 timing reify:save Completed in 158ms
64 http fetch POST 200 https://registry.npmjs.org/-/npm/v1/security/advisories/bulk 1365ms
65 timing auditReport:getReport Completed in 1381ms
66 silly audit report {}
67 timing auditReport:init Completed in 0ms
68 timing reify:audit Completed in 1382ms
69 timing reify Completed in 6041ms
70 timing command:install Completed in 6052ms
71 verbose exit 0
72 timing npm Completed in 7935ms
73 info ok
