0 verbose cli [
0 verbose cli   '/usr/local/bin/node',
0 verbose cli   '/usr/local/bin/npm',
0 verbose cli   'install',
0 verbose cli   '--ignore-scripts',
0 verbose cli   'types-registry@latest'
0 verbose cli ]
1 info using npm@8.5.5
2 info using node@v16.15.0
3 timing npm:load:whichnode Completed in 1ms
4 timing config:load:defaults Completed in 2ms
5 timing config:load:file:/usr/local/lib/node_modules/npm/npmrc Completed in 1ms
6 timing config:load:builtin Completed in 1ms
7 timing config:load:cli Completed in 3ms
8 timing config:load:env Completed in 0ms
9 timing config:load:file:/Users/rijayaturazak/Library/Caches/typescript/4.6/.npmrc Completed in 1ms
10 timing config:load:project Completed in 25ms
11 timing config:load:file:/Users/rijayaturazak/.npmrc Completed in 0ms
12 timing config:load:user Completed in 0ms
13 timing config:load:file:/usr/local/etc/npmrc Completed in 2ms
14 timing config:load:global Completed in 3ms
15 timing config:load:validate Completed in 0ms
16 timing config:load:credentials Completed in 5ms
17 timing config:load:setEnvs Completed in 1ms
18 timing config:load Completed in 41ms
19 timing npm:load:configload Completed in 41ms
20 timing npm:load:setTitle Completed in 25ms
21 timing config:load:flatten Completed in 3ms
22 timing npm:load:display Completed in 5ms
23 verbose logfile /Users/rijayaturazak/.npm/_logs/2022-04-27T18_12_05_924Z-debug-0.log
24 timing npm:load:logFile Completed in 6ms
25 timing npm:load:timers Completed in 0ms
26 timing npm:load:configScope Completed in 0ms
27 timing npm:load Completed in 78ms
28 timing arborist:ctor Completed in 2ms
29 timing arborist:ctor Completed in 0ms
30 timing idealTree:init Completed in 14ms
31 http fetch GET 200 https://registry.npmjs.org/types-registry 1009ms (cache miss)
32 timing idealTree:userRequests Completed in 1021ms
33 silly idealTree buildDeps
34 silly fetch manifest types-registry@0.1.590
35 silly placeDep ROOT types-registry@0.1.590 OK for:  want: 0.1.590
36 timing idealTree:#root Completed in 8ms
37 timing idealTree:node_modules/types-registry Completed in 0ms
38 timing idealTree:buildDeps Completed in 9ms
39 timing idealTree:fixDepFlags Completed in 0ms
40 timing idealTree Completed in 1046ms
41 timing reify:loadTrees Completed in 1047ms
42 timing reify:diffTrees Completed in 1ms
43 silly reify moves {}
44 timing reify:retireShallow Completed in 0ms
45 timing reify:createSparse Completed in 2ms
46 timing reify:loadBundles Completed in 0ms
47 silly audit bulk request { 'types-registry': [ '0.1.590' ] }
48 silly tarball no local data for types-registry@https://registry.npmjs.org/types-registry/-/types-registry-0.1.590.tgz. Extracting by manifest.
49 http fetch POST 200 https://registry.npmjs.org/-/npm/v1/security/advisories/bulk 467ms
50 timing auditReport:getReport Completed in 468ms
51 silly audit report {}
52 timing auditReport:init Completed in 0ms
53 timing reify:audit Completed in 469ms
54 http fetch GET 200 https://registry.npmjs.org/types-registry/-/types-registry-0.1.590.tgz 882ms (cache miss)
55 timing reifyNode:node_modules/types-registry Completed in 891ms
56 timing reify:unpack Completed in 892ms
57 timing reify:unretire Completed in 0ms
58 timing build:queue Completed in 0ms
59 timing build:deps Completed in 0ms
60 timing build Completed in 1ms
61 timing reify:build Completed in 2ms
62 timing reify:trash Completed in 0ms
63 timing reify:save Completed in 5ms
64 timing reify Completed in 1965ms
65 silly ADD node_modules/types-registry
66 timing command:install Completed in 1972ms
67 verbose exit 0
68 timing npm Completed in 3874ms
69 info ok
