0 verbose cli [
0 verbose cli   '/usr/local/bin/node',
0 verbose cli   '/usr/local/bin/npm',
0 verbose cli   'install',
0 verbose cli   '--ignore-scripts',
0 verbose cli   'types-registry@latest'
0 verbose cli ]
1 info using npm@8.5.5
2 info using node@v16.15.0
3 timing npm:load:whichnode Completed in 0ms
4 timing config:load:defaults Completed in 2ms
5 timing config:load:file:/usr/local/lib/node_modules/npm/npmrc Completed in 1ms
6 timing config:load:builtin Completed in 2ms
7 timing config:load:cli Completed in 2ms
8 timing config:load:env Completed in 1ms
9 timing config:load:file:/Users/rijayaturazak/Library/Caches/typescript/4.6/.npmrc Completed in 4ms
10 timing config:load:project Completed in 33ms
11 timing config:load:file:/Users/rijayaturazak/.npmrc Completed in 0ms
12 timing config:load:user Completed in 1ms
13 timing config:load:file:/usr/local/etc/npmrc Completed in 0ms
14 timing config:load:global Completed in 0ms
15 timing config:load:validate Completed in 0ms
16 timing config:load:credentials Completed in 4ms
17 timing config:load:setEnvs Completed in 1ms
18 timing config:load Completed in 47ms
19 timing npm:load:configload Completed in 47ms
20 timing npm:load:setTitle Completed in 25ms
21 timing config:load:flatten Completed in 3ms
22 timing npm:load:display Completed in 5ms
23 verbose logfile /Users/rijayaturazak/.npm/_logs/2022-04-27T18_45_18_941Z-debug-0.log
24 timing npm:load:logFile Completed in 11ms
25 timing npm:load:timers Completed in 0ms
26 timing npm:load:configScope Completed in 0ms
27 timing npm:load Completed in 90ms
28 timing arborist:ctor Completed in 2ms
29 timing idealTree:init Completed in 21ms
30 timing arborist:ctor Completed in 0ms
31 http fetch GET 200 https://registry.npmjs.org/types-registry 888ms (cache revalidated)
32 timing idealTree:userRequests Completed in 901ms
33 silly idealTree buildDeps
34 silly fetch manifest types-registry@0.1.590
35 silly placeDep ROOT types-registry@0.1.590 REPLACE for:  want: 0.1.590
36 timing idealTree:#root Completed in 9ms
37 timing idealTree:node_modules/types-registry Completed in 0ms
38 timing idealTree:buildDeps Completed in 11ms
39 timing idealTree:fixDepFlags Completed in 1ms
40 timing idealTree Completed in 938ms
41 timing reify:loadTrees Completed in 939ms
42 timing reify:diffTrees Completed in 3ms
43 silly reify moves {}
44 timing reify:retireShallow Completed in 1ms
45 timing reify:createSparse Completed in 0ms
46 timing reify:loadBundles Completed in 0ms
47 silly audit bulk request { 'types-registry': [ '0.1.590' ] }
48 timing reify:unpack Completed in 1ms
49 timing reify:unretire Completed in 0ms
50 timing build:queue Completed in 0ms
51 timing build:deps Completed in 1ms
52 timing build Completed in 1ms
53 timing reify:build Completed in 1ms
54 timing reify:trash Completed in 0ms
55 timing reify:save Completed in 12ms
56 http fetch POST 200 https://registry.npmjs.org/-/npm/v1/security/advisories/bulk 460ms
57 timing auditReport:getReport Completed in 461ms
58 silly audit report {}
59 timing auditReport:init Completed in 1ms
60 timing reify:audit Completed in 462ms
61 timing reify Completed in 1417ms
62 timing command:install Completed in 1426ms
63 verbose exit 0
64 timing npm Completed in 3523ms
65 info ok
